<?xml version="1.0" encoding="UTF-8"?>
<testsuite xmlns:xsi="http://www.w3.org/2001/XMLSchema-instance" xsi:noNamespaceSchemaLocation="https://maven.apache.org/surefire/maven-surefire-plugin/xsd/surefire-test-report-3.0.xsd" version="3.0" name="com.jeronimo.user_service.UserServiceApplicationTests" time="4.717" tests="1" errors="0" skipped="0" failures="0">
  <properties>
[...]
</properties>
  <testcase name="contextLoads" classname="com.jeronimo.user_service.UserServiceApplicationTests" time="0.479">
    <system-out><![CDATA[20:58:35.873 [main] INFO org.springframework.test.context.support.AnnotationConfigContextLoaderUtils -- Could not detect default configuration classes for test class [com.jeronimo.user_service.UserServiceApplicationTests]: UserServiceApplicationTests does not declare any static, non-private, non-final, nested classes annotated with @Configuration.
20:58:35.984 [main] INFO org.springframework.boot.test.context.SpringBootTestContextBootstrapper -- Found @SpringBootConfiguration com.jeronimo.user_service.UserServiceApplication for test class com.jeronimo.user_service.UserServiceApplicationTests

  .   ____          _            __ _ _
 /\\ / ___'_ __ _ _(_)_ __  __ _ \ \ \ \
( ( )\___ | '_ | '_| | '_ \/ _` | \ \ \ \
 \\/  ___)| |_)| | | | | || (_| |  ) ) ) )
  '  |____| .__|_| |_|_| |_\__, | / / / /
 =========|_|==============|___/=/_/_/_/

 :: Spring Boot ::                (v3.3.5)

2024-11-07T20:58:36.421-05:00  INFO 91321 --- [user-service] [           main] c.j.u.UserServiceApplicationTests        : Starting UserServiceApplicationTests using Java 17.0.12 with PID 91321 (started by jeronimo in /home/jeronimo/Documents/SOFTWARE PROJECTS/user-servce-spring-boot)
2024-11-07T20:58:36.423-05:00  INFO 91321 --- [user-service] [           main] c.j.u.UserServiceApplicationTests        : The following 1 profile is active: "local"
2024-11-07T20:58:37.139-05:00  INFO 91321 --- [user-service] [           main] .s.d.r.c.RepositoryConfigurationDelegate : Bootstrapping Spring Data JPA repositories in DEFAULT mode.
2024-11-07T20:58:37.189-05:00  INFO 91321 --- [user-service] [           main] .s.d.r.c.RepositoryConfigurationDelegate : Finished Spring Data repository scanning in 42 ms. Found 1 JPA repository interface.
2024-11-07T20:58:37.633-05:00  INFO 91321 --- [user-service] [           main] o.f.c.internal.license.VersionPrinter    : Flyway Community Edition 9.5.1 by Redgate
2024-11-07T20:58:37.633-05:00  INFO 91321 --- [user-service] [           main] o.f.c.internal.license.VersionPrinter    : See what's new here: https://flywaydb.org/documentation/learnmore/releaseNotes#9.5.1
2024-11-07T20:58:37.634-05:00  INFO 91321 --- [user-service] [           main] o.f.c.internal.license.VersionPrinter    : 
2024-11-07T20:58:37.641-05:00  INFO 91321 --- [user-service] [           main] com.zaxxer.hikari.HikariDataSource       : HikariPool-1 - Starting...
2024-11-07T20:58:37.743-05:00  INFO 91321 --- [user-service] [           main] com.zaxxer.hikari.pool.HikariPool        : HikariPool-1 - Added connection org.postgresql.jdbc.PgConnection@9b23822
2024-11-07T20:58:37.744-05:00  INFO 91321 --- [user-service] [           main] com.zaxxer.hikari.HikariDataSource       : HikariPool-1 - Start completed.
2024-11-07T20:58:37.763-05:00  INFO 91321 --- [user-service] [           main] o.f.c.i.database.base.BaseDatabaseType   : Database: jdbc:postgresql://127.0.0.1:5433/userDB (PostgreSQL 10.21)
2024-11-07T20:58:37.800-05:00  INFO 91321 --- [user-service] [           main] o.f.core.internal.command.DbValidate     : Successfully validated 1 migration (execution time 00:00.018s)
2024-11-07T20:58:37.818-05:00  INFO 91321 --- [user-service] [           main] o.f.core.internal.command.DbMigrate      : Current version of schema "public": 1
2024-11-07T20:58:37.819-05:00  INFO 91321 --- [user-service] [           main] o.f.core.internal.command.DbMigrate      : Schema "public" is up to date. No migration necessary.
2024-11-07T20:58:37.920-05:00  INFO 91321 --- [user-service] [           main] o.hibernate.jpa.internal.util.LogHelper  : HHH000204: Processing PersistenceUnitInfo [name: default]
2024-11-07T20:58:37.985-05:00  INFO 91321 --- [user-service] [           main] org.hibernate.Version                    : HHH000412: Hibernate ORM core version 6.5.3.Final
2024-11-07T20:58:38.018-05:00  INFO 91321 --- [user-service] [           main] o.h.c.internal.RegionFactoryInitiator    : HHH000026: Second-level cache disabled
2024-11-07T20:58:38.300-05:00  INFO 91321 --- [user-service] [           main] o.s.o.j.p.SpringPersistenceUnitInfo      : No LoadTimeWeaver setup: ignoring JPA class transformer
2024-11-07T20:58:38.344-05:00  WARN 91321 --- [user-service] [           main] org.hibernate.dialect.Dialect            : HHH000511: The 10.21.0 version for [org.hibernate.dialect.PostgreSQLDialect] is no longer supported, hence certain features may not work properly. The minimum supported version is 12.0.0. Check the community dialects project for available legacy versions.
2024-11-07T20:58:38.350-05:00  WARN 91321 --- [user-service] [           main] org.hibernate.orm.deprecation            : HHH90000025: PostgreSQLDialect does not need to be specified explicitly using 'hibernate.dialect' (remove the property setting and it will be selected by default)
2024-11-07T20:58:39.075-05:00  INFO 91321 --- [user-service] [           main] o.h.e.t.j.p.i.JtaPlatformInitiator       : HHH000489: No JTA platform available (set 'hibernate.transaction.jta.platform' to enable JTA platform integration)
Hibernate: 
    drop table if exists customer cascade
2024-11-07T20:58:39.090-05:00  WARN 91321 --- [user-service] [           main] o.h.engine.jdbc.spi.SqlExceptionHelper   : SQL Warning Code: 0, SQLState: 00000
2024-11-07T20:58:39.091-05:00  WARN 91321 --- [user-service] [           main] o.h.engine.jdbc.spi.SqlExceptionHelper   : table "customer" does not exist, skipping
Hibernate: 
    create table customer (
        id bigint generated by default as identity,
        version bigint,
        first_name varchar(255),
        last_name varchar(255),
        primary key (id)
    )
2024-11-07T20:58:39.111-05:00  INFO 91321 --- [user-service] [           main] j.LocalContainerEntityManagerFactoryBean : Initialized JPA EntityManagerFactory for persistence unit 'default'
2024-11-07T20:58:39.478-05:00  WARN 91321 --- [user-service] [           main] JpaBaseConfiguration$JpaWebConfiguration : spring.jpa.open-in-view is enabled by default. Therefore, database queries may be performed during view rendering. Explicitly configure spring.jpa.open-in-view to disable this warning
2024-11-07T20:58:39.878-05:00  INFO 91321 --- [user-service] [           main] c.j.u.UserServiceApplicationTests        : Started UserServiceApplicationTests in 3.731 seconds (process running for 4.81)
Bootstrap Start
Hibernate: 
    insert 
    into
        customer
        (first_name, last_name, version) 
    values
        (?, ?, ?) 
    returning id
Saved Customer version: 0
]]></system-out>
  </testcase>
</testsuite>